<?xml version="1.0" encoding="UTF-8"?>
<!-- Generated by org.testng.reporters.JUnitXMLReporter -->
<testsuite ignored="0" hostname="IN15I51216GR512" failures="2" tests="8" name="Demo Blaze Functional Tests" time="102.574" errors="0" timestamp="2025-02-17T05:12:42 IST">
  <testcase classname="nnd.TestCases.DB_RegisterTest" name="invalidUserSignUp" time="10.44">
    <failure type="java.lang.AssertionError" message="Signup failed expected [Sign up successful.] but found [This user already exist.]">
      <![CDATA[java.lang.AssertionError: Signup failed expected [Sign up successful.] but found [This user already exist.]
at nnd.Pages.DB_RegisterPage.clickSignUp(DB_RegisterPage.java:67)
at nnd.TestCases.DB_RegisterTest.invalidUserSignUp(DB_RegisterTest.java:93)
at java.base/java.util.ArrayList.forEach(ArrayList.java:1596)
... Removed 30 stack frames]]>
    </failure>
  </testcase> <!-- invalidUserSignUp -->
  <testcase classname="nnd.TestCases.DB_RegisterTest" name="invalidUserSignUp" time="10.404">
    <failure type="java.lang.AssertionError" message="Signup failed expected [Sign up successful.] but found [This user already exist.]">
      <![CDATA[java.lang.AssertionError: Signup failed expected [Sign up successful.] but found [This user already exist.]
at nnd.Pages.DB_RegisterPage.clickSignUp(DB_RegisterPage.java:67)
at nnd.TestCases.DB_RegisterTest.invalidUserSignUp(DB_RegisterTest.java:93)
at java.base/java.util.ArrayList.forEach(ArrayList.java:1596)
... Removed 30 stack frames]]>
    </failure>
  </testcase> <!-- invalidUserSignUp -->
  <testcase classname="nnd.TestCases.DB_RegisterTest" name="validUserSignUp" time="10.414"/>
  <testcase classname="nnd.TestCases.DB_LoginTest" name="validUserLogin" time="5.423"/>
  <testcase classname="nnd.TestCases.DB_LoginTest" name="validUserLogin" time="5.408"/>
  <testcase classname="nnd.TestCases.DB_LoginTest" name="inValidUserLogin" time="8.381"/>
  <testcase classname="nnd.TestCases.DB_LoginTest" name="inValidUserLogin" time="8.378"/>
  <testcase classname="nnd.TestCases.DB_HomeTest" name="verifyPurchaseItem" time="7.612"/>
</testsuite> <!-- Demo Blaze Functional Tests -->
